<?xml version="1.0" encoding="UTF-8"?>
<!-- Generated by org.testng.reporters.JUnitReportReporter -->
<testsuite hostname="DESKTOP-8MOSI1E" failures="0" tests="2" name="browserStackSetup.BrowserStackSetup" time="4.033" errors="0" timestamp="2022-05-28T10:58:16 IST" skipped="0">
  <testcase classname="browserStackSetup.BrowserStackSetup" name="navigate_to_homepage_click_on_getstarted" time="3.432"/>
  <system-out/>
  <testcase classname="browserStackSetup.BrowserStackSetup" name="enter_userDetails" time="0.601"/>
  <system-out/>
</testsuite> <!-- browserStackSetup.BrowserStackSetup -->
