<?xml version="1.0" encoding="UTF-8"?>
<!-- Generated by org.testng.reporters.JUnitReportReporter -->
<testsuite hostname="DESKTOP-8MOSI1E" failures="0" tests="1" name="Testing.Test2" time="10.118" errors="0" timestamp="2022-07-05T16:51:35 IST" skipped="0">
  <testcase classname="Testing.Test2" name="check" time="10.118"/>
  <system-out/>
</testsuite> <!-- Testing.Test2 -->
